=== Remote + Push Log ===
Thu Feb 12 04:06:27 UTC 2026

== Repo root ==
/workspace/MymainEmterpriseWebsite

== Git version ==
git version 2.43.0

== Status BEFORE ==
## work
?? nexus/
?? reports/remote-push-20260212-040615.log
?? reports/remote-push-20260212-040627.log

== Remotes BEFORE ==
origin	git@github.com:support371/fintech-microservices-core.git (fetch)
origin	git@github.com:support371/fintech-microservices-core.git (push)

== Ensure origin remote ==
origin exists -> setting URL to: https://github.com/support371/fintech-microservices-core.git

== Remotes AFTER ==
origin	https://github.com/support371/fintech-microservices-core.git (fetch)
origin	https://github.com/support371/fintech-microservices-core.git (push)

== Branches (local) ==
work
* work

== Branches (remote) BEFORE push ==

== Push current branch (set upstream) ==
Current branch: work
