=== Remote + Push Log ===
Thu Feb 12 01:30:23 UTC 2026

== Repo root ==
/workspace/MymainEmterpriseWebsite

== Git version ==
git version 2.43.0

== Status BEFORE ==
## bitcoin-banking-prod
?? reports/

== Remotes BEFORE ==

== Ensure origin remote ==
origin missing -> adding: https://github.com/support371/MymainEmterpriseWebsite.git

== Remotes AFTER ==
origin	https://github.com/support371/MymainEmterpriseWebsite.git (fetch)
origin	https://github.com/support371/MymainEmterpriseWebsite.git (push)

== Branches (local) ==
bitcoin-banking-prod
* bitcoin-banking-prod
  work

== Branches (remote) BEFORE push ==

== Push current branch (set upstream) ==
Current branch: bitcoin-banking-prod
